<?xml version="1.0" encoding="UTF-8"?>
<!-- Generated by org.testng.reporters.JUnitXMLReporter -->
<testsuite ignored="0" hostname="DESKTOP-49S7QMJ" failures="0" tests="3" name="Testing in Safari on macOS" time="1.708" errors="0" timestamp="2024-07-10T21:29:33 CDT">
  <testcase classname="Scenarios.testCases" name="Test_Scenario1" time="0.0">
    <skipped/>
  </testcase> <!-- Test_Scenario1 -->
  <testcase classname="Scenarios.testCases" name="Test_Scenario2" time="0.0">
    <skipped/>
  </testcase> <!-- Test_Scenario2 -->
  <testcase classname="Scenarios.testCases" name="Test_Scenario3" time="0.0">
    <skipped/>
  </testcase> <!-- Test_Scenario3 -->
</testsuite> <!-- Testing in Safari on macOS -->
